[www.aaliacollection.com/collection/kinwani-house.html]
[backblue.gif]
[fade.gif]
[index.html]
[blupp.b-cdn.net/aalia/89f8840c-7e02-4b73-ac75-d3d67089047b/kinwani-house.png]
[use.typekit.net/glr3nfz.css]
[connect.facebook.net/en_US/fbevents.js]
[cdn.usefathom.com/script.js]
[www.aaliacollection.com/collection/aalia-villas-anjuna-goa.html]
[www.aaliacollection.com/collection/aalia-jungle-retreat-and-spa-by-claridges.html]
[www.aaliacollection.com/collection/aalia-ganges-haridwar.html]
[www.aaliacollection.com/_astro/_catch_all_.BzslDaOm.css]
[www.aaliacollection.com/_astro/hoisted.DkDIYirj.js]
[www.aaliacollection.com/www.aaliacollection.com/images/logo.png]
[www.aaliacollection.com/images/video-poster.png]
[www.aaliacollection.com/logo/preferred-lifestyle.png]
[blupp.b-cdn.net/aalia/509a1345-1504-46f7-a982-d9adff816e80/2cdaf.png]
[www.aaliacollection.com/collection/kinwani-house/stay/maharajs-suite.html]
[www.aaliacollection.com/collection/kinwani-house/stay/princess-suite.html]
[www.aaliacollection.com/collection/kinwani-house/stay/rajkumar-suite.html]
[www.aaliacollection.com/collection/kinwani-house/stay/rani-suite.html]
[www.aaliacollection.com/collection/kinwani-house/stay/kumari-suite.html]
[www.aaliacollection.com/collection/kinwani-house/stay/campaign-suite.html]
[www.aaliacollection.com/collection/kinwani-house/stay/valley-suite.html]
[www.aaliacollection.com/collection/kinwani-house/stay/junior-campaign-suite.html]
[www.aaliacollection.com/collection/kinwani-house/stay/kinwani-house.html]
[blupp.b-cdn.net/aalia/558db8be-31ef-4f88-bd84-72865dfca05b/014a7772.jpg]
[blupp.b-cdn.net/aalia/0c8a3edc-e7ba-435c-a3dc-04f023554a6a/kinwani-housecdaf.png]
[blupp.b-cdn.net/aalia/0c8a3edc-e7ba-435c-a3dc-04f023554a6a/kinwani-house13b3.png]
[blupp.b-cdn.net/aalia/0c8a3edc-e7ba-435c-a3dc-04f023554a6a/kinwani-housef239.png]
[blupp.b-cdn.net/aalia/9036af9a-2566-4a75-a4e9-1a190bb4491e/kinwani-house-exteriorcdaf.png]
[blupp.b-cdn.net/aalia/9036af9a-2566-4a75-a4e9-1a190bb4491e/kinwani-house-exterior13b3.png]
[blupp.b-cdn.net/aalia/9036af9a-2566-4a75-a4e9-1a190bb4491e/kinwani-house-exteriorf239.png]
[blupp.b-cdn.net/aalia/0431baf3-0bf7-416b-9367-39029e829d3a/outdoor-dining-areacdaf.jpg]
[blupp.b-cdn.net/aalia/0431baf3-0bf7-416b-9367-39029e829d3a/outdoor-dining-area13b3.jpg]
[blupp.b-cdn.net/aalia/0431baf3-0bf7-416b-9367-39029e829d3a/outdoor-dining-areaf239.jpg]
[blupp.b-cdn.net/aalia/3021dab4-f596-49aa-9bd3-7c0cd70997b4/breakfastcdaf.jpg]
[blupp.b-cdn.net/aalia/3021dab4-f596-49aa-9bd3-7c0cd70997b4/breakfast13b3.jpg]
[blupp.b-cdn.net/aalia/3021dab4-f596-49aa-9bd3-7c0cd70997b4/breakfastf239.jpg]
[blupp.b-cdn.net/aalia/a25442bc-a911-457f-8f75-37b8a092008c/conservatory-bar-areacdaf.jpg]
[blupp.b-cdn.net/aalia/a25442bc-a911-457f-8f75-37b8a092008c/conservatory-bar-area13b3.jpg]
[blupp.b-cdn.net/aalia/a25442bc-a911-457f-8f75-37b8a092008c/conservatory-bar-areaf239.jpg]
[blupp.b-cdn.net/aalia/6392b66f-b21c-4ad7-ba4e-334272fb9e9a/kinwani-housecdaf.png]
[blupp.b-cdn.net/aalia/6392b66f-b21c-4ad7-ba4e-334272fb9e9a/kinwani-house13b3.png]
[blupp.b-cdn.net/aalia/6392b66f-b21c-4ad7-ba4e-334272fb9e9a/kinwani-housef239.png]
[blupp.b-cdn.net/aalia/b2ae6e04-1a86-41fa-8aa0-e4607c0e8bea/reception-areacdaf.jpg]
[blupp.b-cdn.net/aalia/b2ae6e04-1a86-41fa-8aa0-e4607c0e8bea/reception-area13b3.jpg]
[blupp.b-cdn.net/aalia/b2ae6e04-1a86-41fa-8aa0-e4607c0e8bea/reception-areaf239.jpg]
[blupp.b-cdn.net/aalia/d1268246-ebc8-455a-8c2e-59085b77d3e9/bedroom_kinwani_housecdaf.jpg]
[blupp.b-cdn.net/aalia/d1268246-ebc8-455a-8c2e-59085b77d3e9/bedroom_kinwani_house13b3.jpg]
[blupp.b-cdn.net/aalia/d1268246-ebc8-455a-8c2e-59085b77d3e9/bedroom_kinwani_housef239.jpg]
[www.aaliacollection.com/collection/kinwani-house.html]
[www.aaliacollection.com/cdn-cgi/scripts/5c5dd728/cloudflare-static/email-decode.min.js]
[use.typekit.net/af/58ccb7/00000000000000007751053f/30/l4f64]
[use.typekit.net/af/58ccb7/00000000000000007751053f/30/d4f64]
[use.typekit.net/af/58ccb7/00000000000000007751053f/30/a4f64]
[use.typekit.net/af/00e80e/000000000000000077510542/30/l0b8e]
[use.typekit.net/af/00e80e/000000000000000077510542/30/d0b8e]
[use.typekit.net/af/00e80e/000000000000000077510542/30/a0b8e]
[use.typekit.net/af/51c5ae/0000000000000000775147ec/30/le003]
[use.typekit.net/af/51c5ae/0000000000000000775147ec/30/de003]
[use.typekit.net/af/51c5ae/0000000000000000775147ec/30/ae003]
[use.typekit.net/af/9a108d/000000000000000077510537/30/le54d]
[use.typekit.net/af/9a108d/000000000000000077510537/30/de54d]
[use.typekit.net/af/9a108d/000000000000000077510537/30/ae54d]
[use.typekit.net/af/6b4165/000000000000000077510538/30/l3b0e]
[use.typekit.net/af/6b4165/000000000000000077510538/30/d3b0e]
[use.typekit.net/af/6b4165/000000000000000077510538/30/a3b0e]
[use.typekit.net/af/adb96f/000000000000000077510543/30/l9622]
[use.typekit.net/af/adb96f/000000000000000077510543/30/d9622]
[use.typekit.net/af/adb96f/000000000000000077510543/30/a9622]
[use.typekit.net/af/11ff8b/000000000000000077510535/30/lec9a]
[use.typekit.net/af/11ff8b/000000000000000077510535/30/dec9a]
[use.typekit.net/af/11ff8b/000000000000000077510535/30/aec9a]
[use.typekit.net/af/28fc0d/000000000000000077526e5e/30/l652f]
[use.typekit.net/af/28fc0d/000000000000000077526e5e/30/d652f]
[use.typekit.net/af/28fc0d/000000000000000077526e5e/30/a652f]
[use.typekit.net/af/c81b1b/000000000000000077526e5f/30/le196]
[use.typekit.net/af/c81b1b/000000000000000077526e5f/30/de196]
[use.typekit.net/af/c81b1b/000000000000000077526e5f/30/ae196]
[use.typekit.net/af/a078ff/000000000000000077526e5d/30/le003]
[use.typekit.net/af/a078ff/000000000000000077526e5d/30/de003]
[use.typekit.net/af/a078ff/000000000000000077526e5d/30/ae003]
[use.typekit.net/af/ae0cca/00000000000000007750b2c4/30/lee82]
[use.typekit.net/af/ae0cca/00000000000000007750b2c4/30/dee82]
[use.typekit.net/af/ae0cca/00000000000000007750b2c4/30/aee82]
[use.typekit.net/af/710008/000000000000000077526e60/30/l3eab]
[use.typekit.net/af/710008/000000000000000077526e60/30/d3eab]
[use.typekit.net/af/710008/000000000000000077526e60/30/a3eab]
[use.typekit.net/af/067e03/00000000000000007750b300/30/l3eab]
[use.typekit.net/af/067e03/00000000000000007750b300/30/d3eab]
[use.typekit.net/af/067e03/00000000000000007750b300/30/a3eab]
[use.typekit.net/af/7a6b5e/00000000000000007750b303/30/le196]
[use.typekit.net/af/7a6b5e/00000000000000007750b303/30/de196]
[use.typekit.net/af/7a6b5e/00000000000000007750b303/30/ae196]
[use.typekit.net/af/2e8a22/00000000000000007750b304/30/l652f]
[use.typekit.net/af/2e8a22/00000000000000007750b304/30/d652f]
[use.typekit.net/af/2e8a22/00000000000000007750b304/30/a652f]
[use.typekit.net/glr3nfz.css]
[www.aaliacollection.com/signals/iwl.html]
[connect.facebook.net/en_US/fbevents.js]
[www.googletagmanager.com/gtm5445.html]
[blupp.b-cdn.net/aalia/42bc1380-57f5-4196-bd92-e7dc785e8f9d/screenshot_2024-02-20_at_3.51.00_pm.png]
[www.aaliacollection.com/collection/aalia-villas-anjuna-goa/stay/casa-anya.html]
[blupp.b-cdn.net/aalia/690fdc9f-af55-481d-987e-bdfbb5908c8b/_mg_70346972.jpg]
[www.aaliacollection.com/collection/aalia-villas-anjuna-goa/stay/casa-amana.html]
[blupp.b-cdn.net/aalia/ae3799da-1710-453f-a685-6b6a7f74498c/lounge6972.png]
[www.aaliacollection.com/collection/aalia-villas-anjuna-goa/experience/wellness.html]
[www.aaliacollection.com/collection/aalia-villas-anjuna-goa/experience/wine-and-dine.html]
[www.aaliacollection.com/collection/aalia-villas-anjuna-goa/experience/adventure.html]
[www.aaliacollection.com/collection/aalia-villas-anjuna-goa/experience/safari.html]
[www.aaliacollection.com/collection/aalia-villas-anjuna-goa/experience/art-and-culture.html]
[www.aaliacollection.com/collection/aalia-villas-anjuna-goa/experience/hidden-gems.html]
[blupp.b-cdn.net/aalia/83108ec6-7e2a-42e5-a34f-0bde507e5b05/villa-exteriorcdaf.png]
[blupp.b-cdn.net/aalia/83108ec6-7e2a-42e5-a34f-0bde507e5b05/villa-exterior13b3.png]
[blupp.b-cdn.net/aalia/83108ec6-7e2a-42e5-a34f-0bde507e5b05/villa-exteriorf239.png]
[blupp.b-cdn.net/aalia/ec193a49-8328-4578-b545-c560c0c6cc1c/loungecdaf.png]
[blupp.b-cdn.net/aalia/ec193a49-8328-4578-b545-c560c0c6cc1c/lounge13b3.png]
[blupp.b-cdn.net/aalia/ec193a49-8328-4578-b545-c560c0c6cc1c/loungef239.png]
[blupp.b-cdn.net/aalia/cc166727-aa4c-4424-8664-2758331e53f5/indoorscdaf.jpg]
[blupp.b-cdn.net/aalia/cc166727-aa4c-4424-8664-2758331e53f5/indoors13b3.jpg]
[blupp.b-cdn.net/aalia/cc166727-aa4c-4424-8664-2758331e53f5/indoorsf239.jpg]
[blupp.b-cdn.net/aalia/ee256c70-b850-4204-8bda-8dbcfdf76060/villa-exteriorcdaf.jpg]
[blupp.b-cdn.net/aalia/ee256c70-b850-4204-8bda-8dbcfdf76060/villa-exterior13b3.jpg]
[blupp.b-cdn.net/aalia/ee256c70-b850-4204-8bda-8dbcfdf76060/villa-exteriorf239.jpg]
[blupp.b-cdn.net/aalia/6accb94d-c2a0-49d5-adb1-4a09c8ea3167/bedroomcdaf.jpg]
[blupp.b-cdn.net/aalia/6accb94d-c2a0-49d5-adb1-4a09c8ea3167/bedroom13b3.jpg]
[blupp.b-cdn.net/aalia/6accb94d-c2a0-49d5-adb1-4a09c8ea3167/bedroomf239.jpg]
[blupp.b-cdn.net/aalia/a334f24d-5c32-440c-98b5-fd6094747861/loungecdaf.png]
[blupp.b-cdn.net/aalia/a334f24d-5c32-440c-98b5-fd6094747861/lounge13b3.png]
[blupp.b-cdn.net/aalia/a334f24d-5c32-440c-98b5-fd6094747861/loungef239.png]
[blupp.b-cdn.net/aalia/57ccf970-a308-442d-bbae-642215e8648c/bedroomcdaf.jpg]
[blupp.b-cdn.net/aalia/57ccf970-a308-442d-bbae-642215e8648c/bedroom13b3.jpg]
[blupp.b-cdn.net/aalia/57ccf970-a308-442d-bbae-642215e8648c/bedroomf239.jpg]
[blupp.b-cdn.net/aalia/89917cc1-ea90-483d-8d26-71fdab3c1a47/pool-and-gardencdaf.jpg]
[blupp.b-cdn.net/aalia/89917cc1-ea90-483d-8d26-71fdab3c1a47/pool-and-garden13b3.jpg]
[blupp.b-cdn.net/aalia/89917cc1-ea90-483d-8d26-71fdab3c1a47/pool-and-gardenf239.jpg]
[www.aaliacollection.com/collection/aalia-villas-anjuna-goa.html]
[blupp.b-cdn.net/aalia/304d9387-caff-4f55-8f64-fa0b9bc57b2e/2_(2).jpg]
[blupp.b-cdn.net/aalia/7d261ea5-c32e-4a98-883a-a6e0aa1679d4/logocdaf.png]
[blupp.b-cdn.net/aalia/954c9357-e535-46b7-bf34-50d749cd8f25/_dsc00116972.jpg]
[blupp.b-cdn.net/aalia/daab4c62-7821-4047-839a-265abcad2ee2/whatsapp_image_2024-03-14_at_14.35.146972.jpg]
[blupp.b-cdn.net/aalia/48de2a44-8a06-400c-8664-a71cba47a375/luxury-tentcdaf.jpg]
[blupp.b-cdn.net/aalia/48de2a44-8a06-400c-8664-a71cba47a375/luxury-tent13b3.jpg]
[blupp.b-cdn.net/aalia/48de2a44-8a06-400c-8664-a71cba47a375/luxury-tentf239.jpg]
[blupp.b-cdn.net/aalia/caa66c29-a114-4c00-8901-81f461395071/outdoorscdaf.jpg]
[blupp.b-cdn.net/aalia/caa66c29-a114-4c00-8901-81f461395071/outdoors13b3.jpg]
[blupp.b-cdn.net/aalia/caa66c29-a114-4c00-8901-81f461395071/outdoorsf239.jpg]
[blupp.b-cdn.net/aalia/abd6dc83-14a6-4672-98c5-80cc1f888fa1/luxury-tentcdaf.jpg]
[blupp.b-cdn.net/aalia/abd6dc83-14a6-4672-98c5-80cc1f888fa1/luxury-tent13b3.jpg]
[blupp.b-cdn.net/aalia/abd6dc83-14a6-4672-98c5-80cc1f888fa1/luxury-tentf239.jpg]
[blupp.b-cdn.net/aalia/68e6aa8b-752b-4b1e-81bd-fa0eca142f40/luxury-king-tentcdaf.jpg]
[blupp.b-cdn.net/aalia/68e6aa8b-752b-4b1e-81bd-fa0eca142f40/luxury-king-tent13b3.jpg]
[blupp.b-cdn.net/aalia/68e6aa8b-752b-4b1e-81bd-fa0eca142f40/luxury-king-tentf239.jpg]
[blupp.b-cdn.net/aalia/bd7f719a-8890-4334-b97e-e85958036749/diningcdaf.jpg]
[blupp.b-cdn.net/aalia/bd7f719a-8890-4334-b97e-e85958036749/dining13b3.jpg]
[blupp.b-cdn.net/aalia/bd7f719a-8890-4334-b97e-e85958036749/diningf239.jpg]
[blupp.b-cdn.net/aalia/7e01dd1e-912c-4dce-9556-04ce3121cfe5/bonfirecdaf.jpg]
[blupp.b-cdn.net/aalia/7e01dd1e-912c-4dce-9556-04ce3121cfe5/bonfire13b3.jpg]
[blupp.b-cdn.net/aalia/7e01dd1e-912c-4dce-9556-04ce3121cfe5/bonfiref239.jpg]
[blupp.b-cdn.net/aalia/76560047-d910-436a-be28-480da332bf4d/poolcdaf.jpg]
[blupp.b-cdn.net/aalia/76560047-d910-436a-be28-480da332bf4d/pool13b3.jpg]
[blupp.b-cdn.net/aalia/76560047-d910-436a-be28-480da332bf4d/poolf239.jpg]
[blupp.b-cdn.net/aalia/800a67bd-1a93-4eb5-b881-d0d6f571e137/outdoorscdaf.jpg]
[blupp.b-cdn.net/aalia/800a67bd-1a93-4eb5-b881-d0d6f571e137/outdoors13b3.jpg]
[blupp.b-cdn.net/aalia/800a67bd-1a93-4eb5-b881-d0d6f571e137/outdoorsf239.jpg]
[www.aaliacollection.com/collection/aalia-jungle-retreat-and-spa-by-claridges.html]
[blupp.b-cdn.net/aalia/2567af94-18f4-4446-a44a-28c27601a50c/haridwar.jpg]
[blupp.b-cdn.net/aalia/89d798c2-a41c-4ec1-8793-0c1dcb800c80/poolf0c5.jpg]
[blupp.b-cdn.net/aalia/2f8d85be-4a87-4e8e-bd4d-dc38cd53da52/poolside-escapef0c5.jpg]
[blupp.b-cdn.net/aalia/639e4b80-20da-4a6a-87d4-829938f02841/bedroom-1f0c5.jpg]
[blupp.b-cdn.net/aalia/74764cc3-ea9a-437f-bed4-0c9740812c91/bath-1f0c5.jpg]
[blupp.b-cdn.net/aalia/3d1e5047-0075-47ed-bb36-6bf44453a520/bedroom-2f0c5.jpg]
[blupp.b-cdn.net/aalia/b34c365e-efcf-42f9-a47b-2f9fe754783d/bath-2f0c5.jpg]
[blupp.b-cdn.net/aalia/58b71810-cba4-411e-869f-c28691763ebd/bedroom-3f0c5.jpg]
[blupp.b-cdn.net/aalia/4ffe4fe1-3927-4591-aff3-09379984ab77/bath-3f0c5.jpg]
[blupp.b-cdn.net/aalia/bd5899d2-f128-4949-b887-00ddf061c5c3/loungef0c5.jpg]
[blupp.b-cdn.net/aalia/d0e34754-c366-4c88-81ff-2f00783cd62b/loungef0c5.jpg]
[blupp.b-cdn.net/aalia/5789c755-630d-482a-9e9f-bf79cdd9084a/exteriorf0c5.png]
[blupp.b-cdn.net/aalia/804d72fb-a37e-4797-a969-87621fc73f00/diningf0c5.jpg]
[blupp.b-cdn.net/aalia/310a887b-e0bd-4e89-9417-86b3c86afccf/hallf0c5.jpg]
[blupp.b-cdn.net/aalia/c3b71abb-a69b-4b4e-afd3-e71c68f72e66/wedding-loungef0c5.jpg]
[blupp.b-cdn.net/aalia/4975e190-45fa-4266-bf05-ae2bc96db47e/social-eventf0c5.jpg]
[blupp.b-cdn.net/aalia/8dc62cce-de8a-4300-b522-46ccce5db45b/exteriorf0c5.jpg]
[blupp.b-cdn.net/aalia/b968d4e7-ca6a-4392-9c03-37b78533005b/1_(1)cdaf.png]
[blupp.b-cdn.net/aalia/b968d4e7-ca6a-4392-9c03-37b78533005b/1_(1)13b3.png]
[blupp.b-cdn.net/aalia/b7847373-1aab-4b8d-b15c-a8a1735691b1/6cdaf.jpg]
[blupp.b-cdn.net/aalia/b7847373-1aab-4b8d-b15c-a8a1735691b1/613b3.jpg]
[blupp.b-cdn.net/aalia/b7847373-1aab-4b8d-b15c-a8a1735691b1/66972.jpg]
[blupp.b-cdn.net/aalia/9a41053e-90b3-48cc-a4bd-0894c7cea27a/dsc_5054_5_6-1cdaf.jpg]
[blupp.b-cdn.net/aalia/9a41053e-90b3-48cc-a4bd-0894c7cea27a/dsc_5054_5_6-113b3.jpg]
[blupp.b-cdn.net/aalia/9a41053e-90b3-48cc-a4bd-0894c7cea27a/dsc_5054_5_6-16972.jpg]
[blupp.b-cdn.net/aalia/2f8d85be-4a87-4e8e-bd4d-dc38cd53da52/poolside-escapecdaf.jpg]
[blupp.b-cdn.net/aalia/2f8d85be-4a87-4e8e-bd4d-dc38cd53da52/poolside-escape13b3.jpg]
[blupp.b-cdn.net/aalia/2f8d85be-4a87-4e8e-bd4d-dc38cd53da52/poolside-escapef239.jpg]
[blupp.b-cdn.net/aalia/639e4b80-20da-4a6a-87d4-829938f02841/bedroom-1cdaf.jpg]
[blupp.b-cdn.net/aalia/639e4b80-20da-4a6a-87d4-829938f02841/bedroom-113b3.jpg]
[blupp.b-cdn.net/aalia/639e4b80-20da-4a6a-87d4-829938f02841/bedroom-1f239.jpg]
[blupp.b-cdn.net/aalia/74764cc3-ea9a-437f-bed4-0c9740812c91/bath-1cdaf.jpg]
[blupp.b-cdn.net/aalia/74764cc3-ea9a-437f-bed4-0c9740812c91/bath-113b3.jpg]
[blupp.b-cdn.net/aalia/74764cc3-ea9a-437f-bed4-0c9740812c91/bath-1f239.jpg]
[blupp.b-cdn.net/aalia/3d1e5047-0075-47ed-bb36-6bf44453a520/bedroom-2cdaf.jpg]
[blupp.b-cdn.net/aalia/3d1e5047-0075-47ed-bb36-6bf44453a520/bedroom-213b3.jpg]
[blupp.b-cdn.net/aalia/3d1e5047-0075-47ed-bb36-6bf44453a520/bedroom-2f239.jpg]
[blupp.b-cdn.net/aalia/b34c365e-efcf-42f9-a47b-2f9fe754783d/bath-2cdaf.jpg]
[blupp.b-cdn.net/aalia/b34c365e-efcf-42f9-a47b-2f9fe754783d/bath-213b3.jpg]
[blupp.b-cdn.net/aalia/b34c365e-efcf-42f9-a47b-2f9fe754783d/bath-2f239.jpg]
[blupp.b-cdn.net/aalia/58b71810-cba4-411e-869f-c28691763ebd/bedroom-3cdaf.jpg]
[blupp.b-cdn.net/aalia/58b71810-cba4-411e-869f-c28691763ebd/bedroom-313b3.jpg]
[blupp.b-cdn.net/aalia/58b71810-cba4-411e-869f-c28691763ebd/bedroom-3f239.jpg]
[blupp.b-cdn.net/aalia/4ffe4fe1-3927-4591-aff3-09379984ab77/bath-3cdaf.jpg]
[blupp.b-cdn.net/aalia/4ffe4fe1-3927-4591-aff3-09379984ab77/bath-313b3.jpg]
[blupp.b-cdn.net/aalia/4ffe4fe1-3927-4591-aff3-09379984ab77/bath-3f239.jpg]
[blupp.b-cdn.net/aalia/bd5899d2-f128-4949-b887-00ddf061c5c3/loungecdaf.jpg]
[blupp.b-cdn.net/aalia/bd5899d2-f128-4949-b887-00ddf061c5c3/lounge13b3.jpg]
[blupp.b-cdn.net/aalia/bd5899d2-f128-4949-b887-00ddf061c5c3/loungef239.jpg]
[www.aaliacollection.com/collection/aalia-ganges-haridwar.html]
[www.aaliacollection.com/_astro/_catch_all_.BzslDaOm.css]
[blupp.b-cdn.net/aalia/148ad192-2ff5-4720-aab4-0cc59ac6a888/sitting-room.jpg]
[www.aaliacollection.com/_astro/hoisted.uQ4OHZ8Y.js]
[blupp.b-cdn.net/aalia/dd78da11-9729-4d44-953d-04f012f6be00/private-balcony-2f0c5.jpg]
[blupp.b-cdn.net/aalia/6dd2625d-0c70-45c4-b770-6fa6e658f2c4/drawing-roomf0c5.jpg]
[blupp.b-cdn.net/aalia/6976ee0b-3762-4d79-8487-06010c4a30ea/bedroom-1f0c5.jpg]
[blupp.b-cdn.net/aalia/8898470c-7ea9-4836-af59-68884ae69e80/sitting-roomf0c5.jpg]
[blupp.b-cdn.net/aalia/317cdb34-b549-4502-9606-43d69f9a29b1/bathroom-1f0c5.jpg]
[blupp.b-cdn.net/aalia/df9a8a6e-98c2-431e-bd8a-d70fec2ee4f7/bedroom-2f0c5.jpg]
[blupp.b-cdn.net/aalia/0f80f88e-8b15-4a6d-87cc-b50f1e0430ba/sitting-roomf0c5.jpg]
[blupp.b-cdn.net/aalia/3543f4ba-5e5d-4d30-8c7f-c89fa8c984be/bathroom-2f0c5.png]
[blupp.b-cdn.net/aalia/5ef558de-cf7a-4c37-90b6-afb942951083/balconyf0c5.jpg]
[www.aaliacollection.com/icons/set/2-king-beds4dc1.png]
[www.aaliacollection.com/icons/set/1766-sqft4dc1.png]
[www.aaliacollection.com/icons/set/ensuite-bath4dc1.png]
[www.aaliacollection.com/icons/set/living-room4dc1.png]
[www.aaliacollection.com/icons/set/outdoor-heated-pool-overlooking-the-mountains4dc1.png]
[www.aaliacollection.com/icons/set/private-car-park4dc1.png]
[www.aaliacollection.com/icons/set/private-balconies4dc1.png]
[www.aaliacollection.com/icons/set/conservatory-bar4dc1.png]
[www.aaliacollection.com/icons/set/spa4dc1.png]
[www.aaliacollection.com/icons/set/wifi-included4dc1.png]
[www.aaliacollection.com/icons/set/smart-tv4dc1.png]
[www.aaliacollection.com/icons/set/breakfast-included4dc1.png]
[www.aaliacollection.com/icons/set/nespresso-coffee-machine4dc1.png]
[www.aaliacollection.com/icons/set/mini-bar4dc1.png]
[www.aaliacollection.com/icons/set/tea-&-coffee-maker4dc1.png]
[www.aaliacollection.com/icons/set/butler-service4dc1.png]
[www.aaliacollection.com/icons/set/bluetooth-speakers4dc1.png]
[blupp.b-cdn.net/aalia/6dd2625d-0c70-45c4-b770-6fa6e658f2c4/drawing-roomf239.jpg]
[blupp.b-cdn.net/aalia/6976ee0b-3762-4d79-8487-06010c4a30ea/bedroom-1f239.jpg]
[blupp.b-cdn.net/aalia/8898470c-7ea9-4836-af59-68884ae69e80/sitting-roomf239.jpg]
[blupp.b-cdn.net/aalia/317cdb34-b549-4502-9606-43d69f9a29b1/bathroom-1f239.jpg]
[blupp.b-cdn.net/aalia/df9a8a6e-98c2-431e-bd8a-d70fec2ee4f7/bedroom-2f239.jpg]
[blupp.b-cdn.net/aalia/0f80f88e-8b15-4a6d-87cc-b50f1e0430ba/sitting-roomf239.jpg]
[blupp.b-cdn.net/aalia/3543f4ba-5e5d-4d30-8c7f-c89fa8c984be/bathroom-2f239.png]
[blupp.b-cdn.net/aalia/5ef558de-cf7a-4c37-90b6-afb942951083/balconyf239.jpg]
[www.aaliacollection.com/collection/kinwani-house/stay/maharajs-suite.html]
[blupp.b-cdn.net/aalia/c46f3bc8-9239-454c-b4b4-1c0e9f7f3716/drawing-room.jpg]
[blupp.b-cdn.net/aalia/8fa6b2e1-10de-4ebc-baf8-581a6fa47959/balconyf0c5.jpg]
[blupp.b-cdn.net/aalia/3d0b5a49-f2c4-43a0-a5fe-67d7846edd80/drawing-roomf0c5.jpg]
[blupp.b-cdn.net/aalia/92e74da4-8b50-4c01-a949-5f78023d1ef9/bedroomf0c5.jpg]
[blupp.b-cdn.net/aalia/7b7b2f68-c877-4e54-9111-8d39aa00983c/sitting-roomf0c5.jpg]
[blupp.b-cdn.net/aalia/ce2f0678-fe55-40b4-bede-891be9277eee/bathroomf0c5.jpg]
[www.aaliacollection.com/icons/set/1-king-bed4dc1.png]
[www.aaliacollection.com/icons/set/1190-sqft4dc1.png]
[www.aaliacollection.com/icons/set/private-balcony4dc1.png]
[blupp.b-cdn.net/aalia/3d0b5a49-f2c4-43a0-a5fe-67d7846edd80/drawing-roomf239.jpg]
[blupp.b-cdn.net/aalia/92e74da4-8b50-4c01-a949-5f78023d1ef9/bedroomf239.jpg]
[blupp.b-cdn.net/aalia/7b7b2f68-c877-4e54-9111-8d39aa00983c/sitting-roomf239.jpg]
[blupp.b-cdn.net/aalia/ce2f0678-fe55-40b4-bede-891be9277eee/bathroomf239.jpg]
[blupp.b-cdn.net/aalia/8fa6b2e1-10de-4ebc-baf8-581a6fa47959/balconyf239.jpg]
[www.aaliacollection.com/collection/kinwani-house/stay/princess-suite.html]
[blupp.b-cdn.net/aalia/5e910d21-1c07-44b0-a689-e58dd18ed96a/bedroom.jpg]
[blupp.b-cdn.net/aalia/75ad944a-9bce-4615-9146-2efcc292298b/balconyf0c5.jpg]
[blupp.b-cdn.net/aalia/9d56773f-cee3-4c4a-bc6a-f533592c7269/bedroomf0c5.jpg]
[blupp.b-cdn.net/aalia/74822923-c83f-482b-8e19-8fb59497e21f/sitting-roomf0c5.jpg]
[blupp.b-cdn.net/aalia/d2e17504-596a-48bc-b6d0-297a90fb0ab4/bathroomf0c5.jpg]
[www.aaliacollection.com/icons/set/598-sqft4dc1.png]
[www.aaliacollection.com/icons/set/attached-sitting-room4dc1.png]
[blupp.b-cdn.net/aalia/9d56773f-cee3-4c4a-bc6a-f533592c7269/bedroomf239.jpg]
[blupp.b-cdn.net/aalia/74822923-c83f-482b-8e19-8fb59497e21f/sitting-roomf239.jpg]
[blupp.b-cdn.net/aalia/d2e17504-596a-48bc-b6d0-297a90fb0ab4/bathroomf239.jpg]
[blupp.b-cdn.net/aalia/75ad944a-9bce-4615-9146-2efcc292298b/balconyf239.jpg]
[www.aaliacollection.com/collection/kinwani-house/stay/rajkumar-suite.html]
[blupp.b-cdn.net/aalia/d5bb2cae-0934-4a4d-83f6-d347543c7620/bedroom_(1).jpg]
[blupp.b-cdn.net/aalia/1c381aba-164a-4e3a-b28a-5e80d76bdb75/bathroomf0c5.jpg]
[blupp.b-cdn.net/aalia/4a8a81d3-960a-4284-98b4-eeca8a5f51f4/bedroomf0c5.jpg]
[blupp.b-cdn.net/aalia/35894953-006a-4390-9bb1-f3209144bcff/drawing-roomf0c5.png]
[www.aaliacollection.com/icons/set/615-sqft4dc1.png]
[www.aaliacollection.com/icons/set/private-deck4dc1.png]
[blupp.b-cdn.net/aalia/4a8a81d3-960a-4284-98b4-eeca8a5f51f4/bedroomf239.jpg]
[blupp.b-cdn.net/aalia/35894953-006a-4390-9bb1-f3209144bcff/drawing-roomf239.png]
[blupp.b-cdn.net/aalia/1c381aba-164a-4e3a-b28a-5e80d76bdb75/bathroomf239.jpg]
[www.aaliacollection.com/collection/kinwani-house/stay/rani-suite.html]
[blupp.b-cdn.net/aalia/088ce930-cb7f-487d-8e5f-176fb51cc5a1/bedroom_(2).jpg]
[blupp.b-cdn.net/aalia/89127939-2bcf-4039-8b5d-95e8c6f14051/sitting-roomf0c5.jpg]
[blupp.b-cdn.net/aalia/449103ce-969c-4f0a-9d38-599492a0e7c3/bedroomf0c5.jpg]
[blupp.b-cdn.net/aalia/cea575ed-603c-4ab6-9127-4a7015b18d18/dressing-roomf0c5.jpg]
[blupp.b-cdn.net/aalia/439c6e05-f41d-44ee-8325-115d6f72fb2d/bathroomf0c5.jpg]
[www.aaliacollection.com/icons/set/537-sqft4dc1.png]
[blupp.b-cdn.net/aalia/449103ce-969c-4f0a-9d38-599492a0e7c3/bedroomf239.jpg]
[blupp.b-cdn.net/aalia/cea575ed-603c-4ab6-9127-4a7015b18d18/dressing-roomf239.jpg]
[blupp.b-cdn.net/aalia/439c6e05-f41d-44ee-8325-115d6f72fb2d/bathroomf239.jpg]
[blupp.b-cdn.net/aalia/89127939-2bcf-4039-8b5d-95e8c6f14051/sitting-roomf239.jpg]
[www.aaliacollection.com/collection/kinwani-house/stay/kumari-suite.html]
[blupp.b-cdn.net/aalia/3854bf81-10a5-4cb7-87e0-c419c56ed7f2/bedroom-1.jpg]
[blupp.b-cdn.net/aalia/b7a5238b-558d-45ac-a99d-f7267558d8cb/outside-viewf0c5.jpg]
[blupp.b-cdn.net/aalia/b753feb3-c3db-4e40-9793-a1462a014d55/bedroom-1f0c5.jpg]
[blupp.b-cdn.net/aalia/479c009a-1cc9-4c74-afb3-9865f25443b2/drawing-roomf0c5.jpg]
[blupp.b-cdn.net/aalia/2398df33-0e4a-40da-ac9a-b948f9010961/bathroom-1f0c5.jpg]
[blupp.b-cdn.net/aalia/859e8d71-80e3-4e3e-8152-1404446d7312/bedroom-2f0c5.jpg]
[blupp.b-cdn.net/aalia/5b80ed3b-1b99-475b-9533-cdf0ba09098f/valley-viewf0c5.jpg]
[www.aaliacollection.com/icons/set/1200-sqft4dc1.png]
[www.aaliacollection.com/icons/set/verandah4dc1.png]
[blupp.b-cdn.net/aalia/b753feb3-c3db-4e40-9793-a1462a014d55/bedroom-1f239.jpg]
[blupp.b-cdn.net/aalia/479c009a-1cc9-4c74-afb3-9865f25443b2/drawing-roomf239.jpg]
[blupp.b-cdn.net/aalia/2398df33-0e4a-40da-ac9a-b948f9010961/bathroom-1f239.jpg]
[blupp.b-cdn.net/aalia/859e8d71-80e3-4e3e-8152-1404446d7312/bedroom-2f239.jpg]
[blupp.b-cdn.net/aalia/5b80ed3b-1b99-475b-9533-cdf0ba09098f/valley-viewf239.jpg]
[blupp.b-cdn.net/aalia/b7a5238b-558d-45ac-a99d-f7267558d8cb/outside-viewf239.jpg]
[www.aaliacollection.com/collection/kinwani-house/stay/campaign-suite.html]
[blupp.b-cdn.net/aalia/6b36d162-5900-43ec-a322-2e2e1f65d21a/bedroom_(1).jpg]
[blupp.b-cdn.net/aalia/75a35b39-115b-46fc-8fae-5a14e92aa2c8/outside-viewf0c5.jpg]
[blupp.b-cdn.net/aalia/6df1921a-f51c-4686-b81e-d2a102d41507/bedroomf0c5.jpg]
[blupp.b-cdn.net/aalia/c8c15b07-1fda-4c05-9a05-b45a4dcef892/drawing-roomf0c5.jpg]
[blupp.b-cdn.net/aalia/e0f38d22-6568-45c9-a130-70c62be7960b/bathroomf0c5.jpg]
[www.aaliacollection.com/icons/set/sqft4dc1.png]
[blupp.b-cdn.net/aalia/6df1921a-f51c-4686-b81e-d2a102d41507/bedroomf239.jpg]
[blupp.b-cdn.net/aalia/c8c15b07-1fda-4c05-9a05-b45a4dcef892/drawing-roomf239.jpg]
[blupp.b-cdn.net/aalia/e0f38d22-6568-45c9-a130-70c62be7960b/bathroomf239.jpg]
[blupp.b-cdn.net/aalia/75a35b39-115b-46fc-8fae-5a14e92aa2c8/outside-viewf239.jpg]
[www.aaliacollection.com/collection/kinwani-house/stay/valley-suite.html]
[blupp.b-cdn.net/aalia/875b5788-37ca-44a4-8e28-b4e20e536592/bedroom.jpg]
[blupp.b-cdn.net/aalia/b8494e8a-6d71-4a91-97f1-b2e6ab7da8b4/outside-viewf0c5.jpg]
[blupp.b-cdn.net/aalia/406870f5-40c4-4bca-9b35-5ec619e9b967/bedroomf0c5.jpg]
[blupp.b-cdn.net/aalia/eec63f0c-6165-44cb-876e-aac66030b09f/bathroomf0c5.jpg]
[www.aaliacollection.com/icons/set/400-sqft-with-shared-verandah4dc1.png]
[blupp.b-cdn.net/aalia/406870f5-40c4-4bca-9b35-5ec619e9b967/bedroomf239.jpg]
[blupp.b-cdn.net/aalia/eec63f0c-6165-44cb-876e-aac66030b09f/bathroomf239.jpg]
[blupp.b-cdn.net/aalia/b8494e8a-6d71-4a91-97f1-b2e6ab7da8b4/outside-viewf239.jpg]
[www.aaliacollection.com/collection/kinwani-house/stay/junior-campaign-suite.html]
[blupp.b-cdn.net/aalia/2cab95a8-e549-4626-8004-3164bfc446fa/kinwani-house_(1).png]
[blupp.b-cdn.net/aalia/7fd5abeb-cc35-4db6-9fd2-eb8216993881/exteriorf0c5.jpg]
[blupp.b-cdn.net/aalia/c8ee8667-18b2-4576-bf06-55394eb7293e/kinwani-housef0c5.png]
[blupp.b-cdn.net/aalia/492b7f87-e158-4183-b954-2baf17f74918/entrancef0c5.jpg]
[blupp.b-cdn.net/aalia/02bfb7a3-c8c6-4c66-9a2e-710cb2039c5a/entrancef0c5.jpg]
[blupp.b-cdn.net/aalia/cd011236-c6cc-4482-92b0-374f7e719757/reception-areaf0c5.jpg]
[blupp.b-cdn.net/aalia/c3a01c0a-baac-4358-a9a8-218e5445e6f4/conservatory-bar-areaf0c5.jpg]
[blupp.b-cdn.net/aalia/233b4a88-07a6-4e35-b35b-199645c7c90a/drawing-roomf0c5.jpg]
[blupp.b-cdn.net/aalia/7cb8495c-32dd-4236-ae15-1412d95cb6d5/bedroomf0c5.jpg]
[blupp.b-cdn.net/aalia/b714e26c-c6e8-4245-81ed-b13602425183/sitting-roomf0c5.jpg]
[blupp.b-cdn.net/aalia/14175e5e-e523-45d2-8f83-cad6365f189d/bathroomf0c5.jpg]
[blupp.b-cdn.net/aalia/8ce895a5-0b3c-404c-9b58-7b7a1ef6c3bb/bedroomf0c5.jpg]
[blupp.b-cdn.net/aalia/cf538c91-e09d-4644-af27-63437de6359f/sitting-roomf0c5.jpg]
[blupp.b-cdn.net/aalia/42acb6ff-0b71-4286-86c1-ec960c56495c/bathroomf0c5.png]
[blupp.b-cdn.net/aalia/ea27601b-be77-42c8-93c9-54535bac4bd3/balconyf0c5.jpg]
[blupp.b-cdn.net/aalia/07f6aa84-8cd2-452d-bf1e-ad0a218454cd/balconyf0c5.jpg]
[blupp.b-cdn.net/aalia/1904c15d-861f-4ba7-8daf-12de6e1a503e/bedroomf0c5.jpg]
[blupp.b-cdn.net/aalia/2827a51c-1102-4a8c-982a-50e262f8e2f9/drawing-roomf0c5.png]
[blupp.b-cdn.net/aalia/5ce1567c-4535-4f84-9b51-7759f8763b72/bedroomf0c5.jpg]
[blupp.b-cdn.net/aalia/c0d554df-d584-40b2-b231-7f5ce5100f66/dressing-roomf0c5.jpg]
[blupp.b-cdn.net/aalia/707ac785-fe14-44d4-937b-8e78d8208d37/sitting-roomf0c5.jpg]
[blupp.b-cdn.net/aalia/f8042584-40ca-4668-b4b3-18654cf42272/bedroomf0c5.jpg]
[blupp.b-cdn.net/aalia/c8cc87a4-25f8-4fea-b972-01f4128421d9/drawing-roomf0c5.jpg]
[blupp.b-cdn.net/aalia/0928d5f7-4de9-4110-a2c7-0a9c4b2f0baa/bedroomf0c5.jpg]
[blupp.b-cdn.net/aalia/b83bb284-e524-4a8a-81f5-7a925a8a3c66/outside-viewf0c5.jpg]
[blupp.b-cdn.net/aalia/6e0f8234-a0a9-4945-bf62-fd39c0595f39/dining-roomf0c5.jpg]
[blupp.b-cdn.net/aalia/a4434ea7-7790-4bc9-b90f-0d30d776ed2a/spa-roomf0c5.jpg]
[blupp.b-cdn.net/aalia/a3314679-d7d3-4db8-9019-eb28c54b494d/bathroomf0c5.jpg]
[blupp.b-cdn.net/aalia/508394cd-89fe-4bf3-80a5-60bfe4a19b39/valley-viewf0c5.jpg]
[blupp.b-cdn.net/aalia/92a8f7a2-f89a-488f-b68b-923b4c12157b/exteriorf0c5.jpg]
[blupp.b-cdn.net/aalia/e4acd65d-b02a-48b0-af38-b7ae41ce8f2f/poolf0c5.jpg]
[blupp.b-cdn.net/aalia/5bb2dd45-24fa-444e-8c4f-2c3ee725d189/conservatory-barf0c5.jpg]
[blupp.b-cdn.net/aalia/2dea13ad-0db2-447e-acd2-5c5f39d39769/night-shotf0c5.jpg]
[www.aaliacollection.com/icons/set/6-king-beds4dc1.png]
[www.aaliacollection.com/icons/set/6-suites4dc1.png]
[www.aaliacollection.com/icons/set/dining-room4dc1.png]
[www.aaliacollection.com/icons/set/balconies-and-sitting-areas4dc1.png]
[blupp.b-cdn.net/aalia/c8ee8667-18b2-4576-bf06-55394eb7293e/kinwani-housef239.png]
[blupp.b-cdn.net/aalia/492b7f87-e158-4183-b954-2baf17f74918/entrancef239.jpg]
[blupp.b-cdn.net/aalia/02bfb7a3-c8c6-4c66-9a2e-710cb2039c5a/entrancef239.jpg]
[blupp.b-cdn.net/aalia/cd011236-c6cc-4482-92b0-374f7e719757/reception-areaf239.jpg]
[blupp.b-cdn.net/aalia/c3a01c0a-baac-4358-a9a8-218e5445e6f4/conservatory-bar-areaf239.jpg]
[blupp.b-cdn.net/aalia/233b4a88-07a6-4e35-b35b-199645c7c90a/drawing-roomf239.jpg]
[blupp.b-cdn.net/aalia/7cb8495c-32dd-4236-ae15-1412d95cb6d5/bedroomf239.jpg]
[blupp.b-cdn.net/aalia/b714e26c-c6e8-4245-81ed-b13602425183/sitting-roomf239.jpg]
[www.aaliacollection.com/collection/kinwani-house/stay/kinwani-house.html]
[p.typekit.net/pa7a5.css]
[www.aaliacollection.com/collection/schema.org/index.html]
[www.aaliacollection.com/signals/iwl.html]
[blupp.b-cdn.net/aalia/690fdc9f-af55-481d-987e-bdfbb5908c8b/_mg_7034.jpg]
[blupp.b-cdn.net/aalia/66e12f93-6f9f-43e0-a57e-22e18dcbf127/villa-exteriorf0c5.jpg]
[blupp.b-cdn.net/aalia/23d1d1f0-e6a1-409c-91d7-a95d995e912e/loungef0c5.png]
[blupp.b-cdn.net/aalia/1b573d8f-fc5a-426b-8180-ab98f041958f/master-bedroomf0c5.png]
[blupp.b-cdn.net/aalia/726aa6fe-e85e-459c-b02b-10810fdb9468/master-bathf0c5.png]
[blupp.b-cdn.net/aalia/3a7db86c-5217-4390-ae62-fd6edbdbb9fa/bedroom-2f0c5.png]
[blupp.b-cdn.net/aalia/62ccc617-e600-4d86-ae7a-b1c1b305ddb5/bath-2f0c5.png]
[blupp.b-cdn.net/aalia/c7221782-6eca-4bab-a071-01f79ec70436/bedroom-3f0c5.png]
[blupp.b-cdn.net/aalia/27cffa89-98ae-49e9-88b5-275b5ad0f4c3/bath-3f0c5.png]
[blupp.b-cdn.net/aalia/7d289f1b-1af7-47d7-aad6-a9ed7665858e/study-roomf0c5.png]
[blupp.b-cdn.net/aalia/9192b1e0-7aa3-4de0-b68c-537744839a4c/diningf0c5.jpg]
[blupp.b-cdn.net/aalia/ee8b6f45-1421-4918-a9c9-eeb48debb061/kitchenf0c5.png]
[blupp.b-cdn.net/aalia/b1798e11-4b52-489d-932d-fec8ff254624/pool-and-gardenf0c5.jpg]
[blupp.b-cdn.net/aalia/54af6797-40af-465b-90a5-b01702a8b826/loungef0c5.png]
[blupp.b-cdn.net/aalia/7a7aa858-0737-4e47-9377-1801a131e91b/loungef0c5.png]
[blupp.b-cdn.net/aalia/63dfc604-2512-4564-9f86-3b64cee1e3fa/villa-exteriorf0c5.jpg]
[www.aaliacollection.com/icons/set/3-king-bed-ensuite-bath4dc1.png]
[www.aaliacollection.com/icons/set/private-villa-area-325sqm-3497sqf4dc1.png]
[www.aaliacollection.com/icons/set/private-lounge-and-dining-area4dc1.png]
[www.aaliacollection.com/icons/set/floor-to-ceiling-windows4dc1.png]
[www.aaliacollection.com/icons/set/private-pool4dc1.png]
[www.aaliacollection.com/icons/set/powder-room4dc1.png]
[www.aaliacollection.com/icons/set/jacuzzi-and-outdoor-shower4dc1.png]
[www.aaliacollection.com/icons/set/private-terrace4dc1.png]
[www.aaliacollection.com/icons/set/landscaped-garden4dc1.png]
[www.aaliacollection.com/icons/set/2-extra-beds4dc1.png]
[www.aaliacollection.com/icons/set/private-butler4dc1.png]
[www.aaliacollection.com/icons/set/chef-on-call4dc1.png]
[www.aaliacollection.com/icons/set/fully-equipped-kitchen4dc1.png]
[www.aaliacollection.com/icons/set/concierge-service4dc1.png]
[blupp.b-cdn.net/aalia/ae3799da-1710-453f-a685-6b6a7f74498c/loungecdaf.png]
[blupp.b-cdn.net/aalia/ae3799da-1710-453f-a685-6b6a7f74498c/lounge13b3.png]
[blupp.b-cdn.net/aalia/23d1d1f0-e6a1-409c-91d7-a95d995e912e/loungecdaf.png]
[blupp.b-cdn.net/aalia/23d1d1f0-e6a1-409c-91d7-a95d995e912e/lounge13b3.png]
[blupp.b-cdn.net/aalia/23d1d1f0-e6a1-409c-91d7-a95d995e912e/loungef239.png]
[blupp.b-cdn.net/aalia/1b573d8f-fc5a-426b-8180-ab98f041958f/master-bedroomcdaf.png]
[blupp.b-cdn.net/aalia/1b573d8f-fc5a-426b-8180-ab98f041958f/master-bedroom13b3.png]
[blupp.b-cdn.net/aalia/1b573d8f-fc5a-426b-8180-ab98f041958f/master-bedroomf239.png]
[blupp.b-cdn.net/aalia/726aa6fe-e85e-459c-b02b-10810fdb9468/master-bathcdaf.png]
[blupp.b-cdn.net/aalia/726aa6fe-e85e-459c-b02b-10810fdb9468/master-bath13b3.png]
[blupp.b-cdn.net/aalia/726aa6fe-e85e-459c-b02b-10810fdb9468/master-bathf239.png]
[blupp.b-cdn.net/aalia/3a7db86c-5217-4390-ae62-fd6edbdbb9fa/bedroom-2cdaf.png]
[blupp.b-cdn.net/aalia/3a7db86c-5217-4390-ae62-fd6edbdbb9fa/bedroom-213b3.png]
[blupp.b-cdn.net/aalia/3a7db86c-5217-4390-ae62-fd6edbdbb9fa/bedroom-2f239.png]
[blupp.b-cdn.net/aalia/62ccc617-e600-4d86-ae7a-b1c1b305ddb5/bath-2cdaf.png]
[blupp.b-cdn.net/aalia/62ccc617-e600-4d86-ae7a-b1c1b305ddb5/bath-213b3.png]
[blupp.b-cdn.net/aalia/62ccc617-e600-4d86-ae7a-b1c1b305ddb5/bath-2f239.png]
[blupp.b-cdn.net/aalia/c7221782-6eca-4bab-a071-01f79ec70436/bedroom-3cdaf.png]
[blupp.b-cdn.net/aalia/c7221782-6eca-4bab-a071-01f79ec70436/bedroom-313b3.png]
[blupp.b-cdn.net/aalia/c7221782-6eca-4bab-a071-01f79ec70436/bedroom-3f239.png]
[blupp.b-cdn.net/aalia/27cffa89-98ae-49e9-88b5-275b5ad0f4c3/bath-3cdaf.png]
[blupp.b-cdn.net/aalia/27cffa89-98ae-49e9-88b5-275b5ad0f4c3/bath-313b3.png]
[blupp.b-cdn.net/aalia/27cffa89-98ae-49e9-88b5-275b5ad0f4c3/bath-3f239.png]
[blupp.b-cdn.net/aalia/7d289f1b-1af7-47d7-aad6-a9ed7665858e/study-roomcdaf.png]
[blupp.b-cdn.net/aalia/7d289f1b-1af7-47d7-aad6-a9ed7665858e/study-room13b3.png]
[blupp.b-cdn.net/aalia/7d289f1b-1af7-47d7-aad6-a9ed7665858e/study-roomf239.png]
[www.aaliacollection.com/collection/aalia-villas-anjuna-goa/stay/casa-anya.html]
[blupp.b-cdn.net/aalia/ae3799da-1710-453f-a685-6b6a7f74498c/lounge.png]
[blupp.b-cdn.net/aalia/8847a600-6140-43e6-bb0e-69655fe351c1/villa-exteriorf0c5.png]
[blupp.b-cdn.net/aalia/bd34fe2f-66e5-483a-8387-da6854a9d632/loungef0c5.png]
[blupp.b-cdn.net/aalia/ebe9380e-25b1-4000-95ee-91912abda487/master-bathf0c5.png]
[blupp.b-cdn.net/aalia/8bbfbf81-e8e6-4ab9-9c5b-8dc0d48d9ed9/bedroom-2f0c5.png]
[blupp.b-cdn.net/aalia/d9d9ec15-3d52-42cc-9f69-543c54fd260c/bath-2f0c5.png]
[blupp.b-cdn.net/aalia/55f8d80f-ea75-4ccd-851a-097d199af4a1/bedroom-3f0c5.png]
[blupp.b-cdn.net/aalia/af95c0c4-95d3-4961-9836-643142765763/bath-3f0c5.png]
[blupp.b-cdn.net/aalia/5bb36627-496d-4b81-aae9-c0a6bd6f0ce3/bedroom-4f0c5.png]
[blupp.b-cdn.net/aalia/3fb30027-5c4f-4f77-a711-e0fda319c689/bath-4f0c5.png]
[blupp.b-cdn.net/aalia/219fc844-3a59-4082-a57e-639b80c0f638/loungef0c5.png]
[blupp.b-cdn.net/aalia/503ea38b-aae0-4ac9-a2b6-9537053f300e/loungef0c5.png]
[www.aaliacollection.com/icons/set/4-king-bed-ensuite-bath4dc1.png]
[www.aaliacollection.com/icons/set/private-villa-area-400sqm-4304sqf4dc1.png]
[www.aaliacollection.com/icons/set/outdoor-jacuzzi4dc1.png]
[blupp.b-cdn.net/aalia/690fdc9f-af55-481d-987e-bdfbb5908c8b/_mg_7034cdaf.jpg]
[blupp.b-cdn.net/aalia/690fdc9f-af55-481d-987e-bdfbb5908c8b/_mg_703413b3.jpg]
[blupp.b-cdn.net/aalia/bd34fe2f-66e5-483a-8387-da6854a9d632/loungecdaf.png]
[blupp.b-cdn.net/aalia/bd34fe2f-66e5-483a-8387-da6854a9d632/lounge13b3.png]
[blupp.b-cdn.net/aalia/bd34fe2f-66e5-483a-8387-da6854a9d632/loungef239.png]
[blupp.b-cdn.net/aalia/ebe9380e-25b1-4000-95ee-91912abda487/master-bathcdaf.png]
[blupp.b-cdn.net/aalia/ebe9380e-25b1-4000-95ee-91912abda487/master-bath13b3.png]
[blupp.b-cdn.net/aalia/ebe9380e-25b1-4000-95ee-91912abda487/master-bathf239.png]
[blupp.b-cdn.net/aalia/8bbfbf81-e8e6-4ab9-9c5b-8dc0d48d9ed9/bedroom-2cdaf.png]
[blupp.b-cdn.net/aalia/8bbfbf81-e8e6-4ab9-9c5b-8dc0d48d9ed9/bedroom-213b3.png]
[blupp.b-cdn.net/aalia/8bbfbf81-e8e6-4ab9-9c5b-8dc0d48d9ed9/bedroom-2f239.png]
[blupp.b-cdn.net/aalia/d9d9ec15-3d52-42cc-9f69-543c54fd260c/bath-2cdaf.png]
[blupp.b-cdn.net/aalia/d9d9ec15-3d52-42cc-9f69-543c54fd260c/bath-213b3.png]
[blupp.b-cdn.net/aalia/d9d9ec15-3d52-42cc-9f69-543c54fd260c/bath-2f239.png]
[blupp.b-cdn.net/aalia/55f8d80f-ea75-4ccd-851a-097d199af4a1/bedroom-3cdaf.png]
[blupp.b-cdn.net/aalia/55f8d80f-ea75-4ccd-851a-097d199af4a1/bedroom-313b3.png]
[blupp.b-cdn.net/aalia/55f8d80f-ea75-4ccd-851a-097d199af4a1/bedroom-3f239.png]
[blupp.b-cdn.net/aalia/af95c0c4-95d3-4961-9836-643142765763/bath-3cdaf.png]
[blupp.b-cdn.net/aalia/af95c0c4-95d3-4961-9836-643142765763/bath-313b3.png]
[blupp.b-cdn.net/aalia/af95c0c4-95d3-4961-9836-643142765763/bath-3f239.png]
[blupp.b-cdn.net/aalia/5bb36627-496d-4b81-aae9-c0a6bd6f0ce3/bedroom-4cdaf.png]
[blupp.b-cdn.net/aalia/5bb36627-496d-4b81-aae9-c0a6bd6f0ce3/bedroom-413b3.png]
[blupp.b-cdn.net/aalia/5bb36627-496d-4b81-aae9-c0a6bd6f0ce3/bedroom-4f239.png]
[www.aaliacollection.com/collection/aalia-villas-anjuna-goa/stay/casa-amana.html]
[www.aaliacollection.com/collection/aalia-villas-anjuna-goa/experience/t.html]
[blupp.b-cdn.net/aalia/8febcdd2-888a-456c-a167-a8ee1efb176f/screenshot_2024-02-23_at_5.34.06_pmf0c5.png]
[blupp.b-cdn.net/aalia/a954f445-360b-422e-8b22-6525ab73d15f/screenshot_2024-04-09_at_10.08.19_am6972.png]
[blupp.b-cdn.net/aalia/8e1fe042-9c74-42c4-a0b2-a24a80dff135/screenshot_2024-04-09_at_10.06.25_am6972.png]
[blupp.b-cdn.net/aalia/03236d42-9fd7-4983-a003-077512095533/screenshot_2024-04-09_at_10.03.06_am6972.png]
[blupp.b-cdn.net/aalia/b9874108-8b82-4eb9-a252-c91f5ef43eb4/screenshot_2024-04-09_at_10.01.05_am6972.png]
[www.aaliacollection.com/collection/aalia-villas-anjuna-goa/experience/wellness.html]
[blupp.b-cdn.net/aalia/aea2f87d-22b2-4d3b-a923-2a937152ca9f/screenshot_2024-03-04_at_9.12.05_pmf0c5.png]
[blupp.b-cdn.net/aalia/7047d46f-c070-401a-88e0-200fde4598c9/screenshot_2024-04-09_at_3.57.44_pm6972.png]
[blupp.b-cdn.net/aalia/ba30f788-a704-4021-82f6-63c8a4420050/screenshot_2024-04-09_at_3.51.33_pm6972.png]
[blupp.b-cdn.net/aalia/39ad8709-0aea-4fb1-bc85-2fef1254e177/screenshot_2024-04-09_at_3.56.40_pm6972.png]
[blupp.b-cdn.net/aalia/5e678485-ba91-4412-8023-410faaf8bcfd/screenshot_2024-04-09_at_3.52.58_pm6972.png]
[blupp.b-cdn.net/aalia/bef9d4a1-79f8-4d5b-85aa-e501a64dd167/screenshot_2024-04-09_at_3.52.13_pm6972.png]
[blupp.b-cdn.net/aalia/0e81be0e-8940-4014-bd35-7b977a95733d/screenshot_2024-04-09_at_3.59.14_pm6972.png]
[blupp.b-cdn.net/aalia/1685a3da-5bbe-4a60-ac43-e72b3051d587/screenshot_2024-04-09_at_3.54.07_pm6972.png]
[blupp.b-cdn.net/aalia/d786d042-0fda-4486-bbed-f2d8966053ce/screenshot_2024-04-09_at_3.56.11_pm6972.png]
[blupp.b-cdn.net/aalia/3da48a1e-1278-44a2-9af8-2cfd3cac4e73/screenshot_2024-04-09_at_3.53.35_pm6972.png]
[blupp.b-cdn.net/aalia/09e9ce68-158e-42b5-a971-375edb7776a7/screenshot_2024-04-09_at_4.00.50_pm6972.png]
[blupp.b-cdn.net/aalia/2fbba2e5-feb2-4c92-b34e-0ae30961c233/screenshot_2024-04-09_at_4.01.20_pm6972.png]
[www.aaliacollection.com/collection/aalia-villas-anjuna-goa/experience/wine-and-dine.html]
[blupp.b-cdn.net/aalia/0f733d70-86c0-4e64-8acb-7117273b0bcc/screenshot_2024-03-13_at_10.54.20_amf0c5.png]
[blupp.b-cdn.net/aalia/1e073dbd-e30b-4f74-a4dc-43096f44ff29/screenshot_2024-04-09_at_3.26.01_pm6972.png]
[blupp.b-cdn.net/aalia/f278efb2-17d2-4a98-b4e0-2797e68d33f5/screenshot_2024-04-09_at_3.27.07_pm6972.png]
[blupp.b-cdn.net/aalia/48426a7b-21a5-4575-a16f-eced07d879c3/screenshot_2024-04-09_at_3.28.43_pm6972.png]
[blupp.b-cdn.net/aalia/09d69002-6361-44c8-acc7-c3e064ea49bd/screenshot_2024-04-09_at_3.29.42_pm6972.png]
[blupp.b-cdn.net/aalia/4e675889-758c-41c1-a624-37c16041b0f5/screenshot_2024-04-09_at_3.30.32_pm6972.png]
[blupp.b-cdn.net/aalia/51bd095e-6f1c-40ec-98f4-e1fbf8c89f63/screenshot_2024-04-09_at_3.32.24_pm6972.png]
[blupp.b-cdn.net/aalia/ee3d09f1-b574-4b77-838b-3da164b94370/screenshot_2024-04-09_at_3.33.25_pm6972.png]
[blupp.b-cdn.net/aalia/0fa63b66-d6ca-4641-bf78-5b671a6c89f1/screenshot_2024-04-09_at_3.34.24_pm6972.png]
[blupp.b-cdn.net/aalia/c78a251b-2d7d-4dc9-b37d-6e2e38ff997b/screenshot_2024-04-09_at_3.39.15_pm6972.png]
[www.aaliacollection.com/collection/aalia-villas-anjuna-goa/experience/adventure.html]
[blupp.b-cdn.net/aalia/7965557f-5705-4257-bf93-bf37dc22c81b/screenshot_2024-03-13_at_10.45.02_amf0c5.png]
[blupp.b-cdn.net/aalia/a94a0f98-e697-47de-be16-2504e4c1115f/screenshot_2024-04-09_at_3.40.43_pm6972.png]
[blupp.b-cdn.net/aalia/e8cb1d7e-68eb-4816-b022-6782a79f089d/screenshot_2024-04-09_at_3.42.46_pm6972.png]
[blupp.b-cdn.net/aalia/00ba0f04-5206-4404-8de8-5cf920c4f4f7/screenshot_2024-04-09_at_3.41.52_pm6972.png]
[www.aaliacollection.com/collection/aalia-villas-anjuna-goa/experience/safari.html]
[blupp.b-cdn.net/aalia/a4a04a82-c30e-4943-8048-807423d3d851/screenshot_2024-02-23_at_2.38.17_pmf0c5.png]
[blupp.b-cdn.net/aalia/7f88e770-a2ca-4855-b402-d713f213b2bb/screenshot_2024-04-09_at_5.09.13_pm6972.png]
[blupp.b-cdn.net/aalia/a9ad4bf1-ad5a-4ab0-924b-4386321273fb/screenshot_2024-04-09_at_5.08.24_pm6972.png]
[blupp.b-cdn.net/aalia/1c5cb374-2ebf-4894-8ad9-82bcd429a3e7/screenshot_2024-04-09_at_5.07.42_pm6972.png]
[blupp.b-cdn.net/aalia/fbed78b8-648d-4ca9-8fe0-e30025a5e7eb/screenshot_2024-04-09_at_4.51.20_pm6972.png]
[blupp.b-cdn.net/aalia/17580744-fc75-499f-af01-c1989d9c86e0/screenshot_2024-04-09_at_4.50.48_pm6972.png]
[blupp.b-cdn.net/aalia/62098605-72ff-4f8f-9214-8749fde1b769/screenshot_2024-04-09_at_4.50.13_pm6972.png]
[blupp.b-cdn.net/aalia/379d7adc-57e7-4b7a-b0b0-6910232194e4/screenshot_2024-04-09_at_4.49.18_pm6972.png]
[blupp.b-cdn.net/aalia/73cb84ad-9eaa-474d-b6a5-c160c66e01ec/screenshot_2024-04-09_at_4.48.49_pm6972.png]
[blupp.b-cdn.net/aalia/6c366410-a3eb-4674-8c91-4bc296f00888/screenshot_2024-04-09_at_4.48.21_pm6972.png]
[blupp.b-cdn.net/aalia/0ec3c241-1353-4cd5-9ebd-7a8ebfe520fb/screenshot_2024-04-09_at_4.47.53_pm6972.png]
[www.aaliacollection.com/collection/aalia-villas-anjuna-goa/experience/art-and-culture.html]
[blupp.b-cdn.net/aalia/37c4e8e3-f8d6-46fa-aafd-384e65a9fb5c/hgf0c5.png]
[blupp.b-cdn.net/aalia/78cde685-6625-4e73-a635-1f1fdb321b79/screenshot_2024-04-09_at_4.35.47_pm6972.png]
[blupp.b-cdn.net/aalia/e7fdbd3f-3b53-4315-9308-d9532b143ab1/screenshot_2024-04-09_at_4.35.17_pm6972.png]
[blupp.b-cdn.net/aalia/eb5aa6b9-398c-481c-a244-bbedafd8fdce/screenshot_2024-04-09_at_4.34.34_pm6972.png]
[blupp.b-cdn.net/aalia/16b590fd-2391-4992-bd66-b7c5e3fb966a/screenshot_2024-04-09_at_4.32.08_pm6972.png]
[blupp.b-cdn.net/aalia/c68b792c-e0ad-45b0-b24f-41fd0633ba8c/screenshot_2024-04-09_at_4.30.33_pm6972.png]
[blupp.b-cdn.net/aalia/48ecf3ce-98b1-4268-b75e-2d6374ae819a/screenshot_2024-04-09_at_4.29.59_pm6972.png]
[blupp.b-cdn.net/aalia/eacb0e81-65f5-47ab-9bfe-2c1bd197ce21/screenshot_2024-04-09_at_4.29.30_pm6972.png]
[www.aaliacollection.com/collection/aalia-villas-anjuna-goa/experience/hidden-gems.html]
[www.aaliacollection.com/collection/aalia-villas-anjuna-goa/experience/t.html]
[www.aaliacollection.com/collection/kinwani-house/stay/t.html]
[www.aaliacollection.com/collection/aalia-villas-anjuna-goa/stay/t.html]
